2025-12-04 18:18:44:1844 [32minfo[39m: [32mServer is running on port 5000[39m
2025-12-04 18:55:55:5555 [32minfo[39m: [32mServer is running on port 5000[39m
2025-12-04 18:55:55:5555 [32minfo[39m: [32mServer is running on port 5000[39m
2025-12-04 18:58:10:5810 [32minfo[39m: [32mServer is running on port 5000[39m
2025-12-04 18:58:10:5810 [32minfo[39m: [32mServer is running on port 5000[39m
2025-12-04 18:58:45:5845 [32minfo[39m: [32mServer is running on port 5000[39m
2025-12-04 18:58:45:5845 [32minfo[39m: [32mServer is running on port 5000[39m
2025-12-04 19:20:48:2048 [32minfo[39m: [32mServer is running on port 5000[39m
2025-12-04 19:20:48:2048 [32minfo[39m: [32mServer is running on port 5000[39m
2025-12-04 19:20:52:2052 [32minfo[39m: [32mServer is running on port 5000[39m
2025-12-04 19:20:52:2052 [32minfo[39m: [32mServer is running on port 5000[39m
2025-12-04 19:21:09:219 [32minfo[39m: [32mServer is running on port 5000[39m
2025-12-04 19:21:09:219 [32minfo[39m: [32mServer is running on port 5000[39m
2025-12-04 19:21:10:2110 [32minfo[39m: [32mServer is running on port 5000[39m
2025-12-04 19:21:10:2110 [32minfo[39m: [32mServer is running on port 5000[39m
2025-12-04 19:21:57:2157 [32minfo[39m: [32mServer is running on port 5000[39m
2025-12-04 19:21:57:2157 [32minfo[39m: [32mServer is running on port 5000[39m
2025-12-04 19:22:01:221 [32minfo[39m: [32mServer is running on port 5000[39m
2025-12-04 19:22:01:221 [32minfo[39m: [32mServer is running on port 5000[39m
2025-12-04 19:24:18:2418 [32minfo[39m: [32mServer is running on port 5000[39m
2025-12-04 19:24:18:2418 [32minfo[39m: [32mServer is running on port 5000[39m
2025-12-04 19:24:37:2437 [32minfo[39m: [32mServer is running on port 5000[39m
2025-12-04 19:24:37:2437 [32minfo[39m: [32mServer is running on port 5000[39m
2025-12-04 19:26:58:2658 [31merror[39m: [31mInvalid token. Please log in again.[39m
2025-12-04 19:26:58:2658 [31merror[39m: [31mInvalid token. Please log in again.[39m
2025-12-04 19:27:30:2730 [31merror[39m: [31mInvalid token. Please log in again.[39m
2025-12-04 19:27:30:2730 [31merror[39m: [31mInvalid token. Please log in again.[39m
2025-12-04 19:28:50:2850 [32minfo[39m: [32mServer is running on port 5000[39m
2025-12-04 19:28:50:2850 [32minfo[39m: [32mServer is running on port 5000[39m
2025-12-04 19:28:53:2853 [32minfo[39m: [32mServer is running on port 5000[39m
2025-12-04 19:28:53:2853 [32minfo[39m: [32mServer is running on port 5000[39m
2025-12-04 19:29:48:2948 [32minfo[39m: [32mServer is running on port 5000[39m
2025-12-04 19:29:48:2948 [32minfo[39m: [32mServer is running on port 5000[39m
2025-12-04 19:30:15:3015 [31merror[39m: [31mInvalid email or password[39m
2025-12-04 19:33:06:336 [31merror[39m: [31mInvalid email or password[39m
2025-12-04 19:33:28:3328 [32minfo[39m: [32mServer is running on port 5000[39m
2025-12-04 19:33:28:3328 [32minfo[39m: [32mServer is running on port 5000[39m
2025-12-04 19:33:30:3330 [32minfo[39m: [32mServer is running on port 5000[39m
2025-12-04 19:33:30:3330 [32minfo[39m: [32mServer is running on port 5000[39m
2025-12-04 19:33:32:3332 [32minfo[39m: [32mServer is running on port 5000[39m
2025-12-04 19:33:32:3332 [32minfo[39m: [32mServer is running on port 5000[39m
2025-12-04 19:33:33:3333 [32minfo[39m: [32mServer is running on port 5000[39m
2025-12-04 19:33:33:3333 [32minfo[39m: [32mServer is running on port 5000[39m
2025-12-04 19:33:43:3343 [32minfo[39m: [32mServer is running on port 5000[39m
2025-12-04 19:33:43:3343 [32minfo[39m: [32mServer is running on port 5000[39m
2025-12-04 19:33:48:3348 [31merror[39m: [31mالبريد الإلكتروني أو كلمة المرور غير صحيحة[39m
2025-12-04 19:35:17:3517 [32minfo[39m: [32mServer is running on port 5000[39m
2025-12-04 19:35:17:3517 [32minfo[39m: [32mServer is running on port 5000[39m
2025-12-04 19:35:22:3522 [32minfo[39m: [32mServer is running on port 5000[39m
2025-12-04 19:35:22:3522 [32minfo[39m: [32mServer is running on port 5000[39m
2025-12-04 19:35:32:3532 [31merror[39m: [31mInvalid email or password[39m
2025-12-04 19:37:09:379 [31merror[39m: [31mProduct not found[39m
2025-12-04 19:37:09:379 [31merror[39m: [31mProduct not found[39m
2025-12-04 19:46:57:4657 [32minfo[39m: [32mServer is running on port 5000[39m
2025-12-04 20:05:00:50 [31merror[39m: [31mرمز الدخول غير صالح. يرجى تسجيل الدخول مرة أخرى[39m
2025-12-04 20:05:05:55 [31merror[39m: [31mيجب تسجيل الدخول للوصول إلى هذه الصفحة[39m
2025-12-04 20:05:22:522 [31merror[39m: [31mيجب تسجيل الدخول للوصول إلى هذه الصفحة[39m
2025-12-04 20:05:22:522 [31merror[39m: [31mيجب تسجيل الدخول للوصول إلى هذه الصفحة[39m
2025-12-04 20:05:56:556 [32minfo[39m: [32mServer is running on port 5000[39m
2025-12-04 20:06:02:62 [32minfo[39m: [32mServer is running on port 5000[39m
2025-12-04 20:06:05:65 [31merror[39m: [31mCart is empty[39m
2025-12-04 20:06:06:66 [31merror[39m: [31mCart is empty[39m
2025-12-04 20:06:06:66 [31merror[39m: [31mCart is empty[39m
2025-12-04 20:06:06:66 [31merror[39m: [31mCart is empty[39m
2025-12-04 20:06:06:66 [31merror[39m: [31mCart is empty[39m
2025-12-04 20:06:09:69 [32minfo[39m: [32mServer is running on port 5000[39m
2025-12-04 20:06:27:627 [31merror[39m: [31m[39m
[31mInvalid `prisma.order.create()` invocation in[39m
[31mD:\e-commerce\backend\src\services\order.service.ts:18:36[39m

[31m  15 const total = items.reduce((sum, item) => sum + (item.price * item.quantity), 0);[39m
[31m  16 [39m
[31m  17 // Create order with items[39m
[31m→ 18 const order = await prisma.order.create({[39m
[31m       data: {[39m
[31m         userId: "db771407-668c-4c39-8014-293be011481e",[39m
[31m         total: 29.99,[39m
[31m         status: "PROCESSING",[39m
[31m         shippingAddress: "{\"fullName\":\"eslam\",\"email\":\"eslamgamil214@gmail.com\",\"phone\":\"+201211735629\",\"address\":\"smouha\",\"city\":\"Sidi Gaber\",\"zipCode\":\"5432062\"}",[39m
[31m         ~~~~~~~~~~~~~~~[39m
[31m         paymentMethod: "CASH",[39m
[31m         items: {[39m
[31m           create: [[39m
[31m             {[39m
[31m               productId: "47e3b8d2-54fd-4dfa-b335-780edba01b04",[39m
[31m               quantity: 1,[39m
[31m               price: 29.99[39m
[31m             }[39m
[31m           ][39m
[31m         },[39m
[31m     ?   id?: String,[39m
[31m     ?   createdAt?: DateTime,[39m
[31m     ?   updatedAt?: DateTime,[39m
[31m     ?   payment?: PaymentUncheckedCreateNestedOneWithoutOrderInput[39m
[31m       },[39m
[31m       include: {[39m
[31m         items: {[39m
[31m           include: {[39m
[31m             product: true[39m
[31m           }[39m
[31m         }[39m
[31m       }[39m
[31m     })[39m

[31mUnknown argument `shippingAddress`. Available options are marked with ?.[39m
2025-12-04 20:06:33:633 [31merror[39m: [31m[39m
[31mInvalid `prisma.order.create()` invocation in[39m
[31mD:\e-commerce\backend\src\services\order.service.ts:18:36[39m

[31m  15 const total = items.reduce((sum, item) => sum + (item.price * item.quantity), 0);[39m
[31m  16 [39m
[31m  17 // Create order with items[39m
[31m→ 18 const order = await prisma.order.create({[39m
[31m       data: {[39m
[31m         userId: "db771407-668c-4c39-8014-293be011481e",[39m
[31m         total: 29.99,[39m
[31m         status: "PROCESSING",[39m
[31m         shippingAddress: "{\"fullName\":\"eslam\",\"email\":\"eslamgamil214@gmail.com\",\"phone\":\"+201211735629\",\"address\":\"smouha\",\"city\":\"Sidi Gaber\",\"zipCode\":\"5432062\"}",[39m
[31m         ~~~~~~~~~~~~~~~[39m
[31m         paymentMethod: "CASH",[39m
[31m         items: {[39m
[31m           create: [[39m
[31m             {[39m
[31m               productId: "47e3b8d2-54fd-4dfa-b335-780edba01b04",[39m
[31m               quantity: 1,[39m
[31m               price: 29.99[39m
[31m             }[39m
[31m           ][39m
[31m         },[39m
[31m     ?   id?: String,[39m
[31m     ?   createdAt?: DateTime,[39m
[31m     ?   updatedAt?: DateTime,[39m
[31m     ?   payment?: PaymentUncheckedCreateNestedOneWithoutOrderInput[39m
[31m       },[39m
[31m       include: {[39m
[31m         items: {[39m
[31m           include: {[39m
[31m             product: true[39m
[31m           }[39m
[31m         }[39m
[31m       }[39m
[31m     })[39m

[31mUnknown argument `shippingAddress`. Available options are marked with ?.[39m
2025-12-04 20:08:07:87 [31merror[39m: [31m[39m
[31mInvalid `prisma.order.create()` invocation in[39m
[31mD:\e-commerce\backend\src\services\order.service.ts:18:36[39m

[31m  15 const total = items.reduce((sum, item) => sum + (item.price * item.quantity), 0);[39m
[31m  16 [39m
[31m  17 // Create order with items[39m
[31m→ 18 const order = await prisma.order.create({[39m
[31m       data: {[39m
[31m         userId: "db771407-668c-4c39-8014-293be011481e",[39m
[31m         total: 29.99,[39m
[31m         status: "PROCESSING",[39m
[31m         shippingAddress: "{\"fullName\":\"eslam\",\"email\":\"eslamgamil214@gmail.com\",\"phone\":\"+201211735629\",\"address\":\"smouha\",\"city\":\"Sidi Gaber\",\"zipCode\":\"5432062\"}",[39m
[31m         ~~~~~~~~~~~~~~~[39m
[31m         paymentMethod: "CASH",[39m
[31m         items: {[39m
[31m           create: [[39m
[31m             {[39m
[31m               productId: "47e3b8d2-54fd-4dfa-b335-780edba01b04",[39m
[31m               quantity: 1,[39m
[31m               price: 29.99[39m
[31m             }[39m
[31m           ][39m
[31m         },[39m
[31m     ?   id?: String,[39m
[31m     ?   createdAt?: DateTime,[39m
[31m     ?   updatedAt?: DateTime,[39m
[31m     ?   payment?: PaymentUncheckedCreateNestedOneWithoutOrderInput[39m
[31m       },[39m
[31m       include: {[39m
[31m         items: {[39m
[31m           include: {[39m
[31m             product: true[39m
[31m           }[39m
[31m         }[39m
[31m       }[39m
[31m     })[39m

[31mUnknown argument `shippingAddress`. Available options are marked with ?.[39m
2025-12-04 20:08:11:811 [31merror[39m: [31m[39m
[31mInvalid `prisma.order.create()` invocation in[39m
[31mD:\e-commerce\backend\src\services\order.service.ts:18:36[39m

[31m  15 const total = items.reduce((sum, item) => sum + (item.price * item.quantity), 0);[39m
[31m  16 [39m
[31m  17 // Create order with items[39m
[31m→ 18 const order = await prisma.order.create({[39m
[31m       data: {[39m
[31m         userId: "db771407-668c-4c39-8014-293be011481e",[39m
[31m         total: 29.99,[39m
[31m         status: "PROCESSING",[39m
[31m         shippingAddress: "{\"fullName\":\"eslam\",\"email\":\"eslamgamil214@gmail.com\",\"phone\":\"+201211735629\",\"address\":\"smouha\",\"city\":\"Sidi Gaber\",\"zipCode\":\"5432062\"}",[39m
[31m         ~~~~~~~~~~~~~~~[39m
[31m         paymentMethod: "CASH",[39m
[31m         items: {[39m
[31m           create: [[39m
[31m             {[39m
[31m               productId: "47e3b8d2-54fd-4dfa-b335-780edba01b04",[39m
[31m               quantity: 1,[39m
[31m               price: 29.99[39m
[31m             }[39m
[31m           ][39m
[31m         },[39m
[31m     ?   id?: String,[39m
[31m     ?   createdAt?: DateTime,[39m
[31m     ?   updatedAt?: DateTime,[39m
[31m     ?   payment?: PaymentUncheckedCreateNestedOneWithoutOrderInput[39m
[31m       },[39m
[31m       include: {[39m
[31m         items: {[39m
[31m           include: {[39m
[31m             product: true[39m
[31m           }[39m
[31m         }[39m
[31m       }[39m
[31m     })[39m

[31mUnknown argument `shippingAddress`. Available options are marked with ?.[39m
2025-12-04 20:08:46:846 [31merror[39m: [31mInvalid email or password[39m
2025-12-04 20:16:47:1647 [31merror[39m: [31m[39m
[31mInvalid `prisma.order.create()` invocation in[39m
[31mD:\e-commerce\backend\src\services\order.service.ts:18:36[39m

[31m  15 const total = items.reduce((sum, item) => sum + (item.price * item.quantity), 0);[39m
[31m  16 [39m
[31m  17 // Create order with items[39m
[31m→ 18 const order = await prisma.order.create({[39m
[31m       data: {[39m
[31m         userId: "d3b1fbb2-c00c-4c60-9424-4a5dd0f30306",[39m
[31m         total: 29.99,[39m
[31m         status: "PROCESSING",[39m
[31m         shippingAddress: "{\"fullName\":\"eslam\",\"email\":\"eslamgamil214@gmail.com\",\"phone\":\"+201211735629\",\"address\":\"smouha\",\"city\":\"Sidi Gaber\",\"zipCode\":\"5432062\"}",[39m
[31m         ~~~~~~~~~~~~~~~[39m
[31m         paymentMethod: "CASH",[39m
[31m         items: {[39m
[31m           create: [[39m
[31m             {[39m
[31m               productId: "47e3b8d2-54fd-4dfa-b335-780edba01b04",[39m
[31m               quantity: 1,[39m
[31m               price: 29.99[39m
[31m             }[39m
[31m           ][39m
[31m         },[39m
[31m     ?   id?: String,[39m
[31m     ?   createdAt?: DateTime,[39m
[31m     ?   updatedAt?: DateTime,[39m
[31m     ?   payment?: PaymentUncheckedCreateNestedOneWithoutOrderInput[39m
[31m       },[39m
[31m       include: {[39m
[31m         items: {[39m
[31m           include: {[39m
[31m             product: true[39m
[31m           }[39m
[31m         }[39m
[31m       }[39m
[31m     })[39m

[31mUnknown argument `shippingAddress`. Available options are marked with ?.[39m
2025-12-04 20:16:51:1651 [31merror[39m: [31m[39m
[31mInvalid `prisma.order.create()` invocation in[39m
[31mD:\e-commerce\backend\src\services\order.service.ts:18:36[39m

[31m  15 const total = items.reduce((sum, item) => sum + (item.price * item.quantity), 0);[39m
[31m  16 [39m
[31m  17 // Create order with items[39m
[31m→ 18 const order = await prisma.order.create({[39m
[31m       data: {[39m
[31m         userId: "d3b1fbb2-c00c-4c60-9424-4a5dd0f30306",[39m
[31m         total: 29.99,[39m
[31m         status: "PROCESSING",[39m
[31m         shippingAddress: "{\"fullName\":\"eslam\",\"email\":\"eslamgamil214@gmail.com\",\"phone\":\"+201211735629\",\"address\":\"smouha\",\"city\":\"Sidi Gaber\",\"zipCode\":\"5432062\"}",[39m
[31m         ~~~~~~~~~~~~~~~[39m
[31m         paymentMethod: "CASH",[39m
[31m         items: {[39m
[31m           create: [[39m
[31m             {[39m
[31m               productId: "47e3b8d2-54fd-4dfa-b335-780edba01b04",[39m
[31m               quantity: 1,[39m
[31m               price: 29.99[39m
[31m             }[39m
[31m           ][39m
[31m         },[39m
[31m     ?   id?: String,[39m
[31m     ?   createdAt?: DateTime,[39m
[31m     ?   updatedAt?: DateTime,[39m
[31m     ?   payment?: PaymentUncheckedCreateNestedOneWithoutOrderInput[39m
[31m       },[39m
[31m       include: {[39m
[31m         items: {[39m
[31m           include: {[39m
[31m             product: true[39m
[31m           }[39m
[31m         }[39m
[31m       }[39m
[31m     })[39m

[31mUnknown argument `shippingAddress`. Available options are marked with ?.[39m
2025-12-04 20:17:21:1721 [31merror[39m: [31m[39m
[31mInvalid `prisma.order.create()` invocation in[39m
[31mD:\e-commerce\backend\src\services\order.service.ts:18:36[39m

[31m  15 const total = items.reduce((sum, item) => sum + (item.price * item.quantity), 0);[39m
[31m  16 [39m
[31m  17 // Create order with items[39m
[31m→ 18 const order = await prisma.order.create({[39m
[31m       data: {[39m
[31m         userId: "d3b1fbb2-c00c-4c60-9424-4a5dd0f30306",[39m
[31m         total: 29.99,[39m
[31m         status: "PROCESSING",[39m
[31m         shippingAddress: "{\"fullName\":\"eslam\",\"email\":\"eslamgamil214@gmail.com\",\"phone\":\"+201211735629\",\"address\":\"smouha\",\"city\":\"Sidi Gaber\",\"zipCode\":\"5432062\"}",[39m
[31m         ~~~~~~~~~~~~~~~[39m
[31m         paymentMethod: "CASH",[39m
[31m         items: {[39m
[31m           create: [[39m
[31m             {[39m
[31m               productId: "47e3b8d2-54fd-4dfa-b335-780edba01b04",[39m
[31m               quantity: 1,[39m
[31m               price: 29.99[39m
[31m             }[39m
[31m           ][39m
[31m         },[39m
[31m     ?   id?: String,[39m
[31m     ?   createdAt?: DateTime,[39m
[31m     ?   updatedAt?: DateTime,[39m
[31m     ?   payment?: PaymentUncheckedCreateNestedOneWithoutOrderInput[39m
[31m       },[39m
[31m       include: {[39m
[31m         items: {[39m
[31m           include: {[39m
[31m             product: true[39m
[31m           }[39m
[31m         }[39m
[31m       }[39m
[31m     })[39m

[31mUnknown argument `shippingAddress`. Available options are marked with ?.[39m
2025-12-04 20:19:25:1925 [32minfo[39m: [32mServer is running on port 5000[39m
2025-12-04 20:23:52:2352 [31merror[39m: [31mInvalid email or password[39m
2025-12-04 20:24:31:2431 [31merror[39m: [31mرمز الدخول غير صالح. يرجى تسجيل الدخول مرة أخرى[39m
2025-12-04 20:24:31:2431 [31merror[39m: [31mرمز الدخول غير صالح. يرجى تسجيل الدخول مرة أخرى[39m
2025-12-04 20:33:51:3351 [32minfo[39m: [32mServer is running on port 5000[39m
2025-12-04 20:35:14:3514 [32minfo[39m: [32mServer is running on port 5000[39m
2025-12-04 20:36:08:368 [31merror[39m: [31mInvalid email or password[39m
2025-12-04 20:40:42:4042 [32minfo[39m: [32mServer is running on port 5000[39m
2025-12-04 20:47:29:4729 [32minfo[39m: [32mServer is running on port 5000[39m
2025-12-04 20:47:30:4730 [32minfo[39m: [32mServer is running on port 5000[39m
2025-12-04 20:49:40:4940 [31merror[39m: [31mInvalid coupon code[39m
2025-12-04 20:52:56:5256 [31merror[39m: [31mرمز الدخول غير صالح. يرجى تسجيل الدخول مرة أخرى[39m
2025-12-04 20:52:56:5256 [31merror[39m: [31mرمز الدخول غير صالح. يرجى تسجيل الدخول مرة أخرى[39m
2025-12-04 20:53:09:539 [31merror[39m: [31mInvalid coupon code[39m
2025-12-04 20:53:16:5316 [31merror[39m: [31mCoupon is expired[39m
2025-12-04 20:53:39:5339 [31merror[39m: [31mInvalid email or password[39m
2025-12-04 20:53:46:5346 [31merror[39m: [31mInvalid email or password[39m
2025-12-04 20:53:52:5352 [31merror[39m: [31mInvalid email or password[39m
2025-12-04 20:54:02:542 [31merror[39m: [31mInvalid email or password[39m
2025-12-04 20:54:06:546 [31merror[39m: [31mInvalid email or password[39m
2025-12-04 20:54:26:5426 [31merror[39m: [31mCoupon is expired[39m
2025-12-04 20:56:37:5637 [31merror[39m: [31mInvalid coupon code[39m
2025-12-04 20:56:42:5642 [31merror[39m: [31mCoupon is expired[39m
2025-12-04 20:56:45:5645 [31merror[39m: [31mCoupon is expired[39m
2025-12-04 21:01:01:11 [32minfo[39m: [32mServer is running on port 5000[39m
2025-12-04 21:16:26:1626 [31merror[39m: [31mرمز الدخول غير صالح. يرجى تسجيل الدخول مرة أخرى[39m
2025-12-04 21:16:26:1626 [31merror[39m: [31mرمز الدخول غير صالح. يرجى تسجيل الدخول مرة أخرى[39m
2025-12-04 21:21:02:212 [32minfo[39m: [32mServer is running on port 5000[39m
2025-12-04 21:24:42:2442 [32minfo[39m: [32mServer is running on port 5000[39m
2025-12-04 21:24:56:2456 [32minfo[39m: [32mServer is running on port 5000[39m
2025-12-04 21:44:42:4442 [31merror[39m: [31mرمز الدخول غير صالح. يرجى تسجيل الدخول مرة أخرى[39m
2025-12-04 21:44:42:4442 [31merror[39m: [31mرمز الدخول غير صالح. يرجى تسجيل الدخول مرة أخرى[39m
2025-12-04 23:04:26:426 [31merror[39m: [31mرمز الدخول غير صالح. يرجى تسجيل الدخول مرة أخرى[39m
2025-12-04 23:04:26:426 [31merror[39m: [31mرمز الدخول غير صالح. يرجى تسجيل الدخول مرة أخرى[39m
2025-12-04 23:04:41:441 [31merror[39m: [31mيجب تسجيل الدخول للوصول إلى هذه الصفحة[39m
2026-04-09 23:20:48:2048 [32minfo[39m: [32mServer is running on port 5000[39m
2026-04-09 23:20:49:2049 [32minfo[39m: [32mServer is running on port 5000[39m
2026-04-09 23:21:26:2126 [32minfo[39m: [32mServer is running on port 5000[39m
2026-04-09 23:26:46:2646 [32minfo[39m: [32mServer is running on port 5000[39m
2026-04-09 23:26:54:2654 [32minfo[39m: [32mServer is running on port 5000[39m
2026-04-09 23:40:19:4019 [31merror[39m: [31mInvalid email or password[39m
2026-04-09 23:42:04:424 [31merror[39m: [31mInvalid email or password[39m
2026-04-09 23:43:03:433 [31merror[39m: [31mInvalid email or password[39m
2026-04-09 23:49:35:4935 [31merror[39m: [31mCart is empty[39m
2026-04-09 23:49:35:4935 [31merror[39m: [31mCart is empty[39m
2026-04-09 23:49:51:4951 [31merror[39m: [31mCart is empty[39m
2026-04-09 23:58:51:5851 [31merror[39m: [31mرمز الدخول غير صالح. يرجى تسجيل الدخول مرة أخرى[39m
2026-04-09 23:58:51:5851 [31merror[39m: [31mرمز الدخول غير صالح. يرجى تسجيل الدخول مرة أخرى[39m
2026-04-10 00:01:10:110 [31merror[39m: [31mCart is empty[39m
2026-04-10 00:01:10:110 [31merror[39m: [31mCart is empty[39m
2026-04-10 00:11:27:1127 [32minfo[39m: [32mServer is running on port 5000[39m
2026-04-10 00:16:56:1656 [31merror[39m: [31mInvalid email or password[39m
2026-04-10 00:19:46:1946 [32minfo[39m: [32mServer is running on port 5000[39m
2026-04-10 00:21:00:210 [31merror[39m: [31mCart is empty[39m
2026-04-10 00:21:05:215 [31merror[39m: [31mCart is empty[39m
2026-04-10 00:36:14:3614 [32minfo[39m: [32mServer is running on port 5000[39m
2026-04-10 00:36:25:3625 [32minfo[39m: [32mServer is running on port 5000[39m
2026-04-10 00:36:36:3636 [32minfo[39m: [32mServer is running on port 5000[39m
2026-04-10 00:46:20:4620 [32minfo[39m: [32mServer is running on port 5000[39m
2026-04-10 00:46:49:4649 [31merror[39m: [31mInvalid email or password[39m
2026-04-10 01:34:23:3423 [31merror[39m: [31mرمز الدخول غير صالح. يرجى تسجيل الدخول مرة أخرى[39m
2026-04-10 01:34:23:3423 [31merror[39m: [31mرمز الدخول غير صالح. يرجى تسجيل الدخول مرة أخرى[39m
2026-04-10 01:50:14:5014 [31merror[39m: [31mرمز الدخول غير صالح. يرجى تسجيل الدخول مرة أخرى[39m
2026-04-10 02:06:20:620 [31merror[39m: [31mرمز الدخول غير صالح. يرجى تسجيل الدخول مرة أخرى[39m
2026-04-10 02:06:20:620 [31merror[39m: [31mرمز الدخول غير صالح. يرجى تسجيل الدخول مرة أخرى[39m
2026-04-10 02:12:41:1241 [31merror[39m: [31mInvalid email or password[39m
2026-04-10 02:12:42:1242 [31merror[39m: [31mInvalid email or password[39m
2026-04-10 02:13:08:138 [31merror[39m: [31mInvalid email or password[39m
2026-04-10 02:13:09:139 [31merror[39m: [31mInvalid email or password[39m
2026-04-10 02:13:09:139 [31merror[39m: [31mInvalid email or password[39m
2026-04-10 02:13:10:1310 [31merror[39m: [31mInvalid email or password[39m
2026-04-10 02:14:24:1424 [31merror[39m: [31mInvalid email or password[39m
2026-04-10 02:41:12:4112 [32minfo[39m: [32mServer is running on port 5000[39m
2026-04-10 02:51:09:519 [32minfo[39m: [32mServer is running on port 5000[39m
2026-04-10 03:03:14:314 [32minfo[39m: [32mServer is running on port 5000[39m
2026-04-10 13:20:33:2033 [32minfo[39m: [32mServer is running on port 5000[39m
2026-04-10 13:30:48:3048 [32minfo[39m: [32mServer is running on port 5000[39m
2026-04-10 13:42:53:4253 [31merror[39m: [31mOrder not found[39m
2026-04-10 13:42:53:4253 [31merror[39m: [31mOrder not found[39m
2026-04-10 13:44:41:4441 [32minfo[39m: [32mServer is running on port 5000[39m
2026-04-10 13:47:03:473 [32minfo[39m: [32mServer is running on port 5000[39m
2026-04-10 13:48:43:4843 [32minfo[39m: [32mServer is running on port 5000[39m
2026-04-10 13:48:51:4851 [32minfo[39m: [32mServer is running on port 5000[39m
2026-04-10 13:49:29:4929 [32minfo[39m: [32mServer is running on port 5000[39m
2026-04-10 13:50:56:5056 [32minfo[39m: [32mServer is running on port 5000[39m
2026-04-10 13:59:31:5931 [32minfo[39m: [32mServer is running on port 5000[39m
2026-04-10 13:59:53:5953 [32minfo[39m: [32mServer is running on port 5000[39m
2026-04-10 14:00:04:04 [32minfo[39m: [32mServer is running on port 5000[39m
2026-04-10 14:00:13:013 [32minfo[39m: [32mServer is running on port 5000[39m
2026-04-10 14:13:48:1348 [32minfo[39m: [32mServer is running on port 5000[39m
2026-04-10 14:14:22:1422 [32minfo[39m: [32mServer is running on port 5000[39m
2026-04-10 14:14:32:1432 [32minfo[39m: [32mServer is running on port 5000[39m
2026-04-10 14:14:41:1441 [32minfo[39m: [32mServer is running on port 5000[39m
2026-04-10 14:14:48:1448 [32minfo[39m: [32mServer is running on port 5000[39m
2026-04-10 14:16:49:1649 [31merror[39m: [31mCannot read properties of undefined (reading 'error')[39m
2026-04-10 14:17:24:1724 [32minfo[39m: [32mServer is running on port 5000[39m
2026-04-10 14:17:44:1744 [32minfo[39m: [32mMessage sent: <d0be4153-0166-fa40-8cee-f7dad55aa0af@gmail.com>[39m
2026-04-10 14:18:41:1841 [31merror[39m: [31mInvalid email or password[39m
2026-04-10 14:18:49:1849 [31merror[39m: [31mInvalid email or password[39m
2026-04-10 14:18:59:1859 [32minfo[39m: [32mMessage sent: <09b09e48-997a-0a77-2e7a-cdd0c1f03514@gmail.com>[39m
2026-04-10 14:21:19:2119 [32minfo[39m: [32mServer is running on port 5000[39m
2026-04-10 14:22:10:2210 [32minfo[39m: [32mMessage sent: <a6b80f9d-767d-161b-e1ac-1ed624636bab@gmail.com>[39m
2026-04-10 14:22:28:2228 [31merror[39m: [31mThis email is registered via Google. You cannot reset its password here.[39m
2026-04-10 14:22:54:2254 [31merror[39m: [31mNo user found with this email[39m
2026-04-10 14:23:22:2322 [31merror[39m: [31mNo user found with this email[39m
2026-04-10 14:23:30:2330 [31merror[39m: [31mThis email is registered via Google. You cannot reset its password here.[39m
2026-04-10 14:24:10:2410 [32minfo[39m: [32mServer is running on port 5000[39m
2026-04-10 14:24:19:2419 [31merror[39m: [31mهذا البريد الإلكتروني مستخدم بالفعل[39m
2026-04-10 14:25:14:2514 [32minfo[39m: [32mServer is running on port 5000[39m
2026-04-10 14:25:38:2538 [32minfo[39m: [32mServer is running on port 5000[39m
2026-04-10 14:25:58:2558 [31merror[39m: [31mThis email is already in use[39m
2026-04-10 14:27:22:2722 [32minfo[39m: [32mServer is running on port 5000[39m
2026-04-10 14:27:29:2729 [32minfo[39m: [32mServer is running on port 5000[39m
2026-04-10 14:27:41:2741 [32minfo[39m: [32mServer is running on port 5000[39m
2026-04-10 14:28:03:283 [32minfo[39m: [32mServer is running on port 5000[39m
2026-04-10 14:28:10:2810 [32minfo[39m: [32mServer is running on port 5000[39m
2026-04-10 14:28:17:2817 [32minfo[39m: [32mServer is running on port 5000[39m
2026-04-10 14:28:27:2827 [32minfo[39m: [32mServer is running on port 5000[39m
2026-04-10 14:30:14:3014 [32minfo[39m: [32mServer is running on port 5000[39m
2026-04-10 14:30:26:3026 [31merror[39m: [31mAssignment to constant variable.[39m
2026-04-10 14:32:16:3216 [32minfo[39m: [32mServer is running on port 5000[39m
2026-04-10 14:34:01:341 [32minfo[39m: [32mServer is running on port 5000[39m
2026-04-10 14:34:13:3413 [31merror[39m: [31mOnly the OWNER can change user roles[39m
2026-04-10 14:34:46:3446 [31merror[39m: [31mOnly the OWNER can change user roles[39m
2026-04-10 14:35:24:3524 [31merror[39m: [31mOnly the OWNER can change user roles[39m
2026-04-10 14:37:15:3715 [32minfo[39m: [32mServer is running on port 5000[39m
2026-04-10 14:37:22:3722 [32minfo[39m: [32mServer is running on port 5000[39m
2026-04-10 14:37:35:3735 [32minfo[39m: [32mServer is running on port 5000[39m
2026-04-10 14:38:19:3819 [32minfo[39m: [32mServer is running on port 5000[39m
2026-04-10 14:47:20:4720 [32minfo[39m: [32mServer is running on port 5000[39m
2026-04-10 14:47:32:4732 [32minfo[39m: [32mServer is running on port 5000[39m
2026-04-10 14:50:42:5042 [32minfo[39m: [32mServer is running on port 5000[39m
2026-04-10 15:03:20:320 [32minfo[39m: [32mServer is running on port 5000[39m
2026-04-10 15:03:29:329 [32minfo[39m: [32mServer is running on port 5000[39m
2026-04-10 15:03:44:344 [32minfo[39m: [32mServer is running on port 5000[39m
2026-04-10 15:04:12:412 [32minfo[39m: [32mServer is running on port 5000[39m
2026-04-10 15:10:54:1054 [32minfo[39m: [32mServer is running on port 5000[39m
